<?xml version="1.0" encoding="UTF-8"?>
<!-- Generated by org.testng.reporters.JUnitXMLReporter -->
<testsuite hostname="necropolis.local" name="Test" tests="27" failures="0" timestamp="11 Aug 2013 06:01:19 GMT" time="0.031" errors="0">
  <testcase name="testChessBoardCreationNegative" time="0.007" classname="rationale.emotions.ChessBoardTest"/>
  <testcase name="testChessBoardCareationWithNullLocation" time="0.007" classname="rationale.emotions.ChessBoardTest"/>
  <testcase name="testChessBoardCreationZeroSize" time="0.001" classname="rationale.emotions.ChessBoardTest"/>
  <testcase name="testCanVisitReturnsTrue" time="0.009" classname="rationale.emotions.ChessBoardTest"/>
  <testcase name="testCanVisitReturnsFalse" time="0.009" classname="rationale.emotions.ChessBoardTest"/>
  <testcase name="testChessBoardSimpleCreation" time="0.001" classname="rationale.emotions.ChessBoardTest"/>
  <testcase name="testChessBoardCareationWithLocation" time="0.009" classname="rationale.emotions.ChessBoardTest"/>
  <testcase name="testIsValidReturnsFalse" time="0.0" classname="rationale.emotions.ChessBoardTest"/>
  <testcase name="moveToTestNegative" time="0.0" classname="rationale.emotions.chesspawn.impl.KnightTest"/>
  <testcase name="testMarkAsNotVisited" time="0.0" classname="rationale.emotions.ChessBoardTest"/>
  <testcase name="testIsValidReturnsTrue" time="0.0" classname="rationale.emotions.ChessBoardTest"/>
  <testcase name="testMoveTo" time="0.0" classname="rationale.emotions.chesspawn.impl.KnightTest"/>
  <testcase name="testMoveToOutOfBoardScenario" time="0.001" classname="rationale.emotions.chesspawn.impl.KnightTest"/>
  <testcase name="testNextMoveLocationsNull" time="0.0" classname="rationale.emotions.chesspawn.impl.KnightTest"/>
  <testcase name="testGetParamValue" time="0.0" classname="rationale.emotions.internal.CmdLineOptionsParserTest"/>
  <testcase name="testNextMoveLocations" time="0.0" classname="rationale.emotions.chesspawn.impl.KnightTest"/>
  <testcase name="testGetParamValueArgNotPresent" time="0.001" classname="rationale.emotions.internal.CmdLineOptionsParserTest"/>
  <testcase name="testGetParamValueInvalidArg" time="0.001" classname="rationale.emotions.internal.CmdLineOptionsParserTest"/>
  <testcase name="testGetParamValueNoHashSymbol" time="0.0" classname="rationale.emotions.internal.CmdLineOptionsParserTest"/>
  <testcase name="testIsParamPresentNegative" time="0.0" classname="rationale.emotions.internal.CmdLineOptionsParserTest"/>
  <testcase name="testIsParamPresent" time="0.0" classname="rationale.emotions.internal.CmdLineOptionsParserTest"/>
  <testcase name="testIsParamPresentNoHashSymbol" time="0.001" classname="rationale.emotions.internal.CmdLineOptionsParserTest"/>
  <testcase name="testLookForSolutionNegative" time="0.001" classname="rationale.emotions.PawnMoveManagerTest"/>
  <testcase name="testCreation" time="0.001" classname="rationale.emotions.pojo.ChessBoardLocationTest"/>
  <testcase name="testEquals" time="0.0" classname="rationale.emotions.pojo.LocationTest"/>
  <testcase name="testLookForSolution" time="0.001" classname="rationale.emotions.PawnMoveManagerTest"/>
  <testcase name="testGetXandY" time="0.001" classname="rationale.emotions.pojo.LocationTest"/>
</testsuite> <!-- Test -->
